D:\IIT G SEM 1 SUBJECTS\SPEECH PROCESSING\IVRSPROJ\IVRSPROJ\STARTPROJIVRS\DEBUG\STARTPROJ.EXE
D:\IIT G SEM 1 SUBJECTS\SPEECH PROCESSING\IVRSPROJ\IVRSPROJ\STARTPROJIVRS\DEBUG\STARTPROJ.ILK
D:\IIT G SEM 1 SUBJECTS\SPEECH PROCESSING\IVRSPROJ\IVRSPROJ\STARTPROJIVRS\DEBUG\STARTPROJ.PDB
D:\IIT G SEM 1 SUBJECTS\SPEECH PROCESSING\IVRSPROJ\IVRSPROJ\STARTPROJIVRS\STARTPROJ\DEBUG\.NETFRAMEWORK,VERSION=V4.0.ASSEMBLYATTRIBUTES.OBJ
D:\IIT G SEM 1 SUBJECTS\SPEECH PROCESSING\IVRSPROJ\IVRSPROJ\STARTPROJIVRS\STARTPROJ\DEBUG\APP.RES
D:\IIT G SEM 1 SUBJECTS\SPEECH PROCESSING\IVRSPROJ\IVRSPROJ\STARTPROJIVRS\STARTPROJ\DEBUG\ASSEMBLYINFO.OBJ
D:\IIT G Sem 1 Subjects\Speech Processing\ivrsproj\ivrsproj\startprojivrs\startproj\Debug\cl.command.1.tlog
D:\IIT G Sem 1 Subjects\Speech Processing\ivrsproj\ivrsproj\startprojivrs\startproj\Debug\CL.read.1.tlog
D:\IIT G Sem 1 Subjects\Speech Processing\ivrsproj\ivrsproj\startprojivrs\startproj\Debug\CL.write.1.tlog
D:\IIT G Sem 1 Subjects\Speech Processing\ivrsproj\ivrsproj\startprojivrs\startproj\Debug\link.10112.read.1.tlog
D:\IIT G Sem 1 Subjects\Speech Processing\ivrsproj\ivrsproj\startprojivrs\startproj\Debug\link.10112.write.1.tlog
D:\IIT G Sem 1 Subjects\Speech Processing\ivrsproj\ivrsproj\startprojivrs\startproj\Debug\link.10112-cvtres.read.1.tlog
D:\IIT G Sem 1 Subjects\Speech Processing\ivrsproj\ivrsproj\startprojivrs\startproj\Debug\link.10112-cvtres.write.1.tlog
D:\IIT G Sem 1 Subjects\Speech Processing\ivrsproj\ivrsproj\startprojivrs\startproj\Debug\link.10192.read.1.tlog
D:\IIT G Sem 1 Subjects\Speech Processing\ivrsproj\ivrsproj\startprojivrs\startproj\Debug\link.10192.write.1.tlog
D:\IIT G Sem 1 Subjects\Speech Processing\ivrsproj\ivrsproj\startprojivrs\startproj\Debug\link.10192-cvtres.read.1.tlog
D:\IIT G Sem 1 Subjects\Speech Processing\ivrsproj\ivrsproj\startprojivrs\startproj\Debug\link.10192-cvtres.write.1.tlog
D:\IIT G Sem 1 Subjects\Speech Processing\ivrsproj\ivrsproj\startprojivrs\startproj\Debug\link.10744.read.1.tlog
D:\IIT G Sem 1 Subjects\Speech Processing\ivrsproj\ivrsproj\startprojivrs\startproj\Debug\link.10744.write.1.tlog
D:\IIT G Sem 1 Subjects\Speech Processing\ivrsproj\ivrsproj\startprojivrs\startproj\Debug\link.10744-cvtres.read.1.tlog
D:\IIT G Sem 1 Subjects\Speech Processing\ivrsproj\ivrsproj\startprojivrs\startproj\Debug\link.10744-cvtres.write.1.tlog
D:\IIT G Sem 1 Subjects\Speech Processing\ivrsproj\ivrsproj\startprojivrs\startproj\Debug\link.12624.read.1.tlog
D:\IIT G Sem 1 Subjects\Speech Processing\ivrsproj\ivrsproj\startprojivrs\startproj\Debug\link.12624.write.1.tlog
D:\IIT G Sem 1 Subjects\Speech Processing\ivrsproj\ivrsproj\startprojivrs\startproj\Debug\link.12624-cvtres.read.1.tlog
D:\IIT G Sem 1 Subjects\Speech Processing\ivrsproj\ivrsproj\startprojivrs\startproj\Debug\link.12624-cvtres.write.1.tlog
D:\IIT G Sem 1 Subjects\Speech Processing\ivrsproj\ivrsproj\startprojivrs\startproj\Debug\link.12704.read.1.tlog
D:\IIT G Sem 1 Subjects\Speech Processing\ivrsproj\ivrsproj\startprojivrs\startproj\Debug\link.12704.write.1.tlog
D:\IIT G Sem 1 Subjects\Speech Processing\ivrsproj\ivrsproj\startprojivrs\startproj\Debug\link.12704-cvtres.read.1.tlog
D:\IIT G Sem 1 Subjects\Speech Processing\ivrsproj\ivrsproj\startprojivrs\startproj\Debug\link.12704-cvtres.write.1.tlog
D:\IIT G Sem 1 Subjects\Speech Processing\ivrsproj\ivrsproj\startprojivrs\startproj\Debug\link.14260.read.1.tlog
D:\IIT G Sem 1 Subjects\Speech Processing\ivrsproj\ivrsproj\startprojivrs\startproj\Debug\link.14260.write.1.tlog
D:\IIT G Sem 1 Subjects\Speech Processing\ivrsproj\ivrsproj\startprojivrs\startproj\Debug\link.14260-cvtres.read.1.tlog
D:\IIT G Sem 1 Subjects\Speech Processing\ivrsproj\ivrsproj\startprojivrs\startproj\Debug\link.14260-cvtres.write.1.tlog
D:\IIT G Sem 1 Subjects\Speech Processing\ivrsproj\ivrsproj\startprojivrs\startproj\Debug\link.14384.read.1.tlog
D:\IIT G Sem 1 Subjects\Speech Processing\ivrsproj\ivrsproj\startprojivrs\startproj\Debug\link.14384.write.1.tlog
D:\IIT G Sem 1 Subjects\Speech Processing\ivrsproj\ivrsproj\startprojivrs\startproj\Debug\link.14384-cvtres.read.1.tlog
D:\IIT G Sem 1 Subjects\Speech Processing\ivrsproj\ivrsproj\startprojivrs\startproj\Debug\link.14384-cvtres.write.1.tlog
D:\IIT G Sem 1 Subjects\Speech Processing\ivrsproj\ivrsproj\startprojivrs\startproj\Debug\link.14536.read.1.tlog
D:\IIT G Sem 1 Subjects\Speech Processing\ivrsproj\ivrsproj\startprojivrs\startproj\Debug\link.14536.write.1.tlog
D:\IIT G Sem 1 Subjects\Speech Processing\ivrsproj\ivrsproj\startprojivrs\startproj\Debug\link.14536-cvtres.read.1.tlog
D:\IIT G Sem 1 Subjects\Speech Processing\ivrsproj\ivrsproj\startprojivrs\startproj\Debug\link.14536-cvtres.write.1.tlog
D:\IIT G Sem 1 Subjects\Speech Processing\ivrsproj\ivrsproj\startprojivrs\startproj\Debug\link.15400.read.1.tlog
D:\IIT G Sem 1 Subjects\Speech Processing\ivrsproj\ivrsproj\startprojivrs\startproj\Debug\link.15400.write.1.tlog
D:\IIT G Sem 1 Subjects\Speech Processing\ivrsproj\ivrsproj\startprojivrs\startproj\Debug\link.15400-cvtres.read.1.tlog
D:\IIT G Sem 1 Subjects\Speech Processing\ivrsproj\ivrsproj\startprojivrs\startproj\Debug\link.15400-cvtres.write.1.tlog
D:\IIT G Sem 1 Subjects\Speech Processing\ivrsproj\ivrsproj\startprojivrs\startproj\Debug\link.15712.read.1.tlog
D:\IIT G Sem 1 Subjects\Speech Processing\ivrsproj\ivrsproj\startprojivrs\startproj\Debug\link.15712.write.1.tlog
D:\IIT G Sem 1 Subjects\Speech Processing\ivrsproj\ivrsproj\startprojivrs\startproj\Debug\link.15712-cvtres.read.1.tlog
D:\IIT G Sem 1 Subjects\Speech Processing\ivrsproj\ivrsproj\startprojivrs\startproj\Debug\link.15712-cvtres.write.1.tlog
D:\IIT G Sem 1 Subjects\Speech Processing\ivrsproj\ivrsproj\startprojivrs\startproj\Debug\link.16088.read.1.tlog
D:\IIT G Sem 1 Subjects\Speech Processing\ivrsproj\ivrsproj\startprojivrs\startproj\Debug\link.16088.write.1.tlog
D:\IIT G Sem 1 Subjects\Speech Processing\ivrsproj\ivrsproj\startprojivrs\startproj\Debug\link.16088-cvtres.read.1.tlog
D:\IIT G Sem 1 Subjects\Speech Processing\ivrsproj\ivrsproj\startprojivrs\startproj\Debug\link.16088-cvtres.write.1.tlog
D:\IIT G Sem 1 Subjects\Speech Processing\ivrsproj\ivrsproj\startprojivrs\startproj\Debug\link.16748.read.1.tlog
D:\IIT G Sem 1 Subjects\Speech Processing\ivrsproj\ivrsproj\startprojivrs\startproj\Debug\link.16748.write.1.tlog
D:\IIT G Sem 1 Subjects\Speech Processing\ivrsproj\ivrsproj\startprojivrs\startproj\Debug\link.16748-cvtres.read.1.tlog
D:\IIT G Sem 1 Subjects\Speech Processing\ivrsproj\ivrsproj\startprojivrs\startproj\Debug\link.16748-cvtres.write.1.tlog
D:\IIT G Sem 1 Subjects\Speech Processing\ivrsproj\ivrsproj\startprojivrs\startproj\Debug\link.17268.read.1.tlog
D:\IIT G Sem 1 Subjects\Speech Processing\ivrsproj\ivrsproj\startprojivrs\startproj\Debug\link.17268.write.1.tlog
D:\IIT G Sem 1 Subjects\Speech Processing\ivrsproj\ivrsproj\startprojivrs\startproj\Debug\link.17268-cvtres.read.1.tlog
D:\IIT G Sem 1 Subjects\Speech Processing\ivrsproj\ivrsproj\startprojivrs\startproj\Debug\link.17268-cvtres.write.1.tlog
D:\IIT G Sem 1 Subjects\Speech Processing\ivrsproj\ivrsproj\startprojivrs\startproj\Debug\link.17448.read.1.tlog
D:\IIT G Sem 1 Subjects\Speech Processing\ivrsproj\ivrsproj\startprojivrs\startproj\Debug\link.17448.write.1.tlog
D:\IIT G Sem 1 Subjects\Speech Processing\ivrsproj\ivrsproj\startprojivrs\startproj\Debug\link.17448-cvtres.read.1.tlog
D:\IIT G Sem 1 Subjects\Speech Processing\ivrsproj\ivrsproj\startprojivrs\startproj\Debug\link.17448-cvtres.write.1.tlog
D:\IIT G Sem 1 Subjects\Speech Processing\ivrsproj\ivrsproj\startprojivrs\startproj\Debug\link.17720.read.1.tlog
D:\IIT G Sem 1 Subjects\Speech Processing\ivrsproj\ivrsproj\startprojivrs\startproj\Debug\link.17720.write.1.tlog
D:\IIT G Sem 1 Subjects\Speech Processing\ivrsproj\ivrsproj\startprojivrs\startproj\Debug\link.17720-cvtres.read.1.tlog
D:\IIT G Sem 1 Subjects\Speech Processing\ivrsproj\ivrsproj\startprojivrs\startproj\Debug\link.17720-cvtres.write.1.tlog
D:\IIT G Sem 1 Subjects\Speech Processing\ivrsproj\ivrsproj\startprojivrs\startproj\Debug\link.18720.read.1.tlog
D:\IIT G Sem 1 Subjects\Speech Processing\ivrsproj\ivrsproj\startprojivrs\startproj\Debug\link.18720.write.1.tlog
D:\IIT G Sem 1 Subjects\Speech Processing\ivrsproj\ivrsproj\startprojivrs\startproj\Debug\link.18720-cvtres.read.1.tlog
D:\IIT G Sem 1 Subjects\Speech Processing\ivrsproj\ivrsproj\startprojivrs\startproj\Debug\link.18720-cvtres.write.1.tlog
D:\IIT G Sem 1 Subjects\Speech Processing\ivrsproj\ivrsproj\startprojivrs\startproj\Debug\link.19136.read.1.tlog
D:\IIT G Sem 1 Subjects\Speech Processing\ivrsproj\ivrsproj\startprojivrs\startproj\Debug\link.19136.write.1.tlog
D:\IIT G Sem 1 Subjects\Speech Processing\ivrsproj\ivrsproj\startprojivrs\startproj\Debug\link.19136-cvtres.read.1.tlog
D:\IIT G Sem 1 Subjects\Speech Processing\ivrsproj\ivrsproj\startprojivrs\startproj\Debug\link.19136-cvtres.write.1.tlog
D:\IIT G Sem 1 Subjects\Speech Processing\ivrsproj\ivrsproj\startprojivrs\startproj\Debug\link.19584.read.1.tlog
D:\IIT G Sem 1 Subjects\Speech Processing\ivrsproj\ivrsproj\startprojivrs\startproj\Debug\link.19584.write.1.tlog
D:\IIT G Sem 1 Subjects\Speech Processing\ivrsproj\ivrsproj\startprojivrs\startproj\Debug\link.19584-cvtres.read.1.tlog
D:\IIT G Sem 1 Subjects\Speech Processing\ivrsproj\ivrsproj\startprojivrs\startproj\Debug\link.19584-cvtres.write.1.tlog
D:\IIT G Sem 1 Subjects\Speech Processing\ivrsproj\ivrsproj\startprojivrs\startproj\Debug\link.20876.read.1.tlog
D:\IIT G Sem 1 Subjects\Speech Processing\ivrsproj\ivrsproj\startprojivrs\startproj\Debug\link.20876.write.1.tlog
D:\IIT G Sem 1 Subjects\Speech Processing\ivrsproj\ivrsproj\startprojivrs\startproj\Debug\link.20876-cvtres.read.1.tlog
D:\IIT G Sem 1 Subjects\Speech Processing\ivrsproj\ivrsproj\startprojivrs\startproj\Debug\link.20876-cvtres.write.1.tlog
D:\IIT G Sem 1 Subjects\Speech Processing\ivrsproj\ivrsproj\startprojivrs\startproj\Debug\link.20912.read.1.tlog
D:\IIT G Sem 1 Subjects\Speech Processing\ivrsproj\ivrsproj\startprojivrs\startproj\Debug\link.20912.write.1.tlog
D:\IIT G Sem 1 Subjects\Speech Processing\ivrsproj\ivrsproj\startprojivrs\startproj\Debug\link.20912-cvtres.read.1.tlog
D:\IIT G Sem 1 Subjects\Speech Processing\ivrsproj\ivrsproj\startprojivrs\startproj\Debug\link.20912-cvtres.write.1.tlog
D:\IIT G Sem 1 Subjects\Speech Processing\ivrsproj\ivrsproj\startprojivrs\startproj\Debug\link.21000.read.1.tlog
D:\IIT G Sem 1 Subjects\Speech Processing\ivrsproj\ivrsproj\startprojivrs\startproj\Debug\link.21000.write.1.tlog
D:\IIT G Sem 1 Subjects\Speech Processing\ivrsproj\ivrsproj\startprojivrs\startproj\Debug\link.21000-cvtres.read.1.tlog
D:\IIT G Sem 1 Subjects\Speech Processing\ivrsproj\ivrsproj\startprojivrs\startproj\Debug\link.21000-cvtres.write.1.tlog
D:\IIT G Sem 1 Subjects\Speech Processing\ivrsproj\ivrsproj\startprojivrs\startproj\Debug\link.21012.read.1.tlog
D:\IIT G Sem 1 Subjects\Speech Processing\ivrsproj\ivrsproj\startprojivrs\startproj\Debug\link.21012.write.1.tlog
D:\IIT G Sem 1 Subjects\Speech Processing\ivrsproj\ivrsproj\startprojivrs\startproj\Debug\link.21012-cvtres.read.1.tlog
D:\IIT G Sem 1 Subjects\Speech Processing\ivrsproj\ivrsproj\startprojivrs\startproj\Debug\link.21012-cvtres.write.1.tlog
D:\IIT G Sem 1 Subjects\Speech Processing\ivrsproj\ivrsproj\startprojivrs\startproj\Debug\link.21256.read.1.tlog
D:\IIT G Sem 1 Subjects\Speech Processing\ivrsproj\ivrsproj\startprojivrs\startproj\Debug\link.21256.write.1.tlog
D:\IIT G Sem 1 Subjects\Speech Processing\ivrsproj\ivrsproj\startprojivrs\startproj\Debug\link.21256-cvtres.read.1.tlog
D:\IIT G Sem 1 Subjects\Speech Processing\ivrsproj\ivrsproj\startprojivrs\startproj\Debug\link.21256-cvtres.write.1.tlog
D:\IIT G Sem 1 Subjects\Speech Processing\ivrsproj\ivrsproj\startprojivrs\startproj\Debug\link.21396.read.1.tlog
D:\IIT G Sem 1 Subjects\Speech Processing\ivrsproj\ivrsproj\startprojivrs\startproj\Debug\link.21396.write.1.tlog
D:\IIT G Sem 1 Subjects\Speech Processing\ivrsproj\ivrsproj\startprojivrs\startproj\Debug\link.21396-cvtres.read.1.tlog
D:\IIT G Sem 1 Subjects\Speech Processing\ivrsproj\ivrsproj\startprojivrs\startproj\Debug\link.21396-cvtres.write.1.tlog
D:\IIT G Sem 1 Subjects\Speech Processing\ivrsproj\ivrsproj\startprojivrs\startproj\Debug\link.340.read.1.tlog
D:\IIT G Sem 1 Subjects\Speech Processing\ivrsproj\ivrsproj\startprojivrs\startproj\Debug\link.340.write.1.tlog
D:\IIT G Sem 1 Subjects\Speech Processing\ivrsproj\ivrsproj\startprojivrs\startproj\Debug\link.340-cvtres.read.1.tlog
D:\IIT G Sem 1 Subjects\Speech Processing\ivrsproj\ivrsproj\startprojivrs\startproj\Debug\link.340-cvtres.write.1.tlog
D:\IIT G Sem 1 Subjects\Speech Processing\ivrsproj\ivrsproj\startprojivrs\startproj\Debug\link.4412.read.1.tlog
D:\IIT G Sem 1 Subjects\Speech Processing\ivrsproj\ivrsproj\startprojivrs\startproj\Debug\link.4412.write.1.tlog
D:\IIT G Sem 1 Subjects\Speech Processing\ivrsproj\ivrsproj\startprojivrs\startproj\Debug\link.4412-cvtres.read.1.tlog
D:\IIT G Sem 1 Subjects\Speech Processing\ivrsproj\ivrsproj\startprojivrs\startproj\Debug\link.4412-cvtres.write.1.tlog
D:\IIT G Sem 1 Subjects\Speech Processing\ivrsproj\ivrsproj\startprojivrs\startproj\Debug\link.4468.read.1.tlog
D:\IIT G Sem 1 Subjects\Speech Processing\ivrsproj\ivrsproj\startprojivrs\startproj\Debug\link.4468.write.1.tlog
D:\IIT G Sem 1 Subjects\Speech Processing\ivrsproj\ivrsproj\startprojivrs\startproj\Debug\link.4468-cvtres.read.1.tlog
D:\IIT G Sem 1 Subjects\Speech Processing\ivrsproj\ivrsproj\startprojivrs\startproj\Debug\link.4468-cvtres.write.1.tlog
D:\IIT G Sem 1 Subjects\Speech Processing\ivrsproj\ivrsproj\startprojivrs\startproj\Debug\link.4584.read.1.tlog
D:\IIT G Sem 1 Subjects\Speech Processing\ivrsproj\ivrsproj\startprojivrs\startproj\Debug\link.4584.write.1.tlog
D:\IIT G Sem 1 Subjects\Speech Processing\ivrsproj\ivrsproj\startprojivrs\startproj\Debug\link.4584-cvtres.read.1.tlog
D:\IIT G Sem 1 Subjects\Speech Processing\ivrsproj\ivrsproj\startprojivrs\startproj\Debug\link.4584-cvtres.write.1.tlog
D:\IIT G Sem 1 Subjects\Speech Processing\ivrsproj\ivrsproj\startprojivrs\startproj\Debug\link.4888.read.1.tlog
D:\IIT G Sem 1 Subjects\Speech Processing\ivrsproj\ivrsproj\startprojivrs\startproj\Debug\link.4888.write.1.tlog
D:\IIT G Sem 1 Subjects\Speech Processing\ivrsproj\ivrsproj\startprojivrs\startproj\Debug\link.4888-cvtres.read.1.tlog
D:\IIT G Sem 1 Subjects\Speech Processing\ivrsproj\ivrsproj\startprojivrs\startproj\Debug\link.4888-cvtres.write.1.tlog
D:\IIT G Sem 1 Subjects\Speech Processing\ivrsproj\ivrsproj\startprojivrs\startproj\Debug\link.5024.read.1.tlog
D:\IIT G Sem 1 Subjects\Speech Processing\ivrsproj\ivrsproj\startprojivrs\startproj\Debug\link.5024.write.1.tlog
D:\IIT G Sem 1 Subjects\Speech Processing\ivrsproj\ivrsproj\startprojivrs\startproj\Debug\link.5024-cvtres.read.1.tlog
D:\IIT G Sem 1 Subjects\Speech Processing\ivrsproj\ivrsproj\startprojivrs\startproj\Debug\link.5024-cvtres.write.1.tlog
D:\IIT G Sem 1 Subjects\Speech Processing\ivrsproj\ivrsproj\startprojivrs\startproj\Debug\link.5492.read.1.tlog
D:\IIT G Sem 1 Subjects\Speech Processing\ivrsproj\ivrsproj\startprojivrs\startproj\Debug\link.5492.write.1.tlog
D:\IIT G Sem 1 Subjects\Speech Processing\ivrsproj\ivrsproj\startprojivrs\startproj\Debug\link.5492-cvtres.read.1.tlog
D:\IIT G Sem 1 Subjects\Speech Processing\ivrsproj\ivrsproj\startprojivrs\startproj\Debug\link.5492-cvtres.write.1.tlog
D:\IIT G Sem 1 Subjects\Speech Processing\ivrsproj\ivrsproj\startprojivrs\startproj\Debug\link.5688.read.1.tlog
D:\IIT G Sem 1 Subjects\Speech Processing\ivrsproj\ivrsproj\startprojivrs\startproj\Debug\link.5688.write.1.tlog
D:\IIT G Sem 1 Subjects\Speech Processing\ivrsproj\ivrsproj\startprojivrs\startproj\Debug\link.5688-cvtres.read.1.tlog
D:\IIT G Sem 1 Subjects\Speech Processing\ivrsproj\ivrsproj\startprojivrs\startproj\Debug\link.5688-cvtres.write.1.tlog
D:\IIT G Sem 1 Subjects\Speech Processing\ivrsproj\ivrsproj\startprojivrs\startproj\Debug\link.6756.read.1.tlog
D:\IIT G Sem 1 Subjects\Speech Processing\ivrsproj\ivrsproj\startprojivrs\startproj\Debug\link.6756.write.1.tlog
D:\IIT G Sem 1 Subjects\Speech Processing\ivrsproj\ivrsproj\startprojivrs\startproj\Debug\link.6756-cvtres.read.1.tlog
D:\IIT G Sem 1 Subjects\Speech Processing\ivrsproj\ivrsproj\startprojivrs\startproj\Debug\link.6756-cvtres.write.1.tlog
D:\IIT G Sem 1 Subjects\Speech Processing\ivrsproj\ivrsproj\startprojivrs\startproj\Debug\link.6932.read.1.tlog
D:\IIT G Sem 1 Subjects\Speech Processing\ivrsproj\ivrsproj\startprojivrs\startproj\Debug\link.6932.write.1.tlog
D:\IIT G Sem 1 Subjects\Speech Processing\ivrsproj\ivrsproj\startprojivrs\startproj\Debug\link.6932-cvtres.read.1.tlog
D:\IIT G Sem 1 Subjects\Speech Processing\ivrsproj\ivrsproj\startprojivrs\startproj\Debug\link.6932-cvtres.write.1.tlog
D:\IIT G Sem 1 Subjects\Speech Processing\ivrsproj\ivrsproj\startprojivrs\startproj\Debug\link.7200.read.1.tlog
D:\IIT G Sem 1 Subjects\Speech Processing\ivrsproj\ivrsproj\startprojivrs\startproj\Debug\link.7200.write.1.tlog
D:\IIT G Sem 1 Subjects\Speech Processing\ivrsproj\ivrsproj\startprojivrs\startproj\Debug\link.7200-cvtres.read.1.tlog
D:\IIT G Sem 1 Subjects\Speech Processing\ivrsproj\ivrsproj\startprojivrs\startproj\Debug\link.7200-cvtres.write.1.tlog
D:\IIT G Sem 1 Subjects\Speech Processing\ivrsproj\ivrsproj\startprojivrs\startproj\Debug\link.7208.read.1.tlog
D:\IIT G Sem 1 Subjects\Speech Processing\ivrsproj\ivrsproj\startprojivrs\startproj\Debug\link.7208.write.1.tlog
D:\IIT G Sem 1 Subjects\Speech Processing\ivrsproj\ivrsproj\startprojivrs\startproj\Debug\link.7208-cvtres.read.1.tlog
D:\IIT G Sem 1 Subjects\Speech Processing\ivrsproj\ivrsproj\startprojivrs\startproj\Debug\link.7208-cvtres.write.1.tlog
D:\IIT G Sem 1 Subjects\Speech Processing\ivrsproj\ivrsproj\startprojivrs\startproj\Debug\link.7292.read.1.tlog
D:\IIT G Sem 1 Subjects\Speech Processing\ivrsproj\ivrsproj\startprojivrs\startproj\Debug\link.7292.write.1.tlog
D:\IIT G Sem 1 Subjects\Speech Processing\ivrsproj\ivrsproj\startprojivrs\startproj\Debug\link.7292-cvtres.read.1.tlog
D:\IIT G Sem 1 Subjects\Speech Processing\ivrsproj\ivrsproj\startprojivrs\startproj\Debug\link.7292-cvtres.write.1.tlog
D:\IIT G Sem 1 Subjects\Speech Processing\ivrsproj\ivrsproj\startprojivrs\startproj\Debug\link.7300.read.1.tlog
D:\IIT G Sem 1 Subjects\Speech Processing\ivrsproj\ivrsproj\startprojivrs\startproj\Debug\link.7300.write.1.tlog
D:\IIT G Sem 1 Subjects\Speech Processing\ivrsproj\ivrsproj\startprojivrs\startproj\Debug\link.7300-cvtres.read.1.tlog
D:\IIT G Sem 1 Subjects\Speech Processing\ivrsproj\ivrsproj\startprojivrs\startproj\Debug\link.7300-cvtres.write.1.tlog
D:\IIT G Sem 1 Subjects\Speech Processing\ivrsproj\ivrsproj\startprojivrs\startproj\Debug\link.8504.read.1.tlog
D:\IIT G Sem 1 Subjects\Speech Processing\ivrsproj\ivrsproj\startprojivrs\startproj\Debug\link.8504.write.1.tlog
D:\IIT G Sem 1 Subjects\Speech Processing\ivrsproj\ivrsproj\startprojivrs\startproj\Debug\link.8504-cvtres.read.1.tlog
D:\IIT G Sem 1 Subjects\Speech Processing\ivrsproj\ivrsproj\startprojivrs\startproj\Debug\link.8504-cvtres.write.1.tlog
D:\IIT G Sem 1 Subjects\Speech Processing\ivrsproj\ivrsproj\startprojivrs\startproj\Debug\link.8564.read.1.tlog
D:\IIT G Sem 1 Subjects\Speech Processing\ivrsproj\ivrsproj\startprojivrs\startproj\Debug\link.8564.write.1.tlog
D:\IIT G Sem 1 Subjects\Speech Processing\ivrsproj\ivrsproj\startprojivrs\startproj\Debug\link.8564-cvtres.read.1.tlog
D:\IIT G Sem 1 Subjects\Speech Processing\ivrsproj\ivrsproj\startprojivrs\startproj\Debug\link.8564-cvtres.write.1.tlog
D:\IIT G Sem 1 Subjects\Speech Processing\ivrsproj\ivrsproj\startprojivrs\startproj\Debug\link.8620.read.1.tlog
D:\IIT G Sem 1 Subjects\Speech Processing\ivrsproj\ivrsproj\startprojivrs\startproj\Debug\link.8620.write.1.tlog
D:\IIT G Sem 1 Subjects\Speech Processing\ivrsproj\ivrsproj\startprojivrs\startproj\Debug\link.8620-cvtres.read.1.tlog
D:\IIT G Sem 1 Subjects\Speech Processing\ivrsproj\ivrsproj\startprojivrs\startproj\Debug\link.8620-cvtres.write.1.tlog
D:\IIT G Sem 1 Subjects\Speech Processing\ivrsproj\ivrsproj\startprojivrs\startproj\Debug\link.8824.read.1.tlog
D:\IIT G Sem 1 Subjects\Speech Processing\ivrsproj\ivrsproj\startprojivrs\startproj\Debug\link.8824.write.1.tlog
D:\IIT G Sem 1 Subjects\Speech Processing\ivrsproj\ivrsproj\startprojivrs\startproj\Debug\link.8824-cvtres.read.1.tlog
D:\IIT G Sem 1 Subjects\Speech Processing\ivrsproj\ivrsproj\startprojivrs\startproj\Debug\link.8824-cvtres.write.1.tlog
D:\IIT G Sem 1 Subjects\Speech Processing\ivrsproj\ivrsproj\startprojivrs\startproj\Debug\link.9584.read.1.tlog
D:\IIT G Sem 1 Subjects\Speech Processing\ivrsproj\ivrsproj\startprojivrs\startproj\Debug\link.9584.write.1.tlog
D:\IIT G Sem 1 Subjects\Speech Processing\ivrsproj\ivrsproj\startprojivrs\startproj\Debug\link.9584-cvtres.read.1.tlog
D:\IIT G Sem 1 Subjects\Speech Processing\ivrsproj\ivrsproj\startprojivrs\startproj\Debug\link.9584-cvtres.write.1.tlog
D:\IIT G Sem 1 Subjects\Speech Processing\ivrsproj\ivrsproj\startprojivrs\startproj\Debug\link.9956.read.1.tlog
D:\IIT G Sem 1 Subjects\Speech Processing\ivrsproj\ivrsproj\startprojivrs\startproj\Debug\link.9956.write.1.tlog
D:\IIT G Sem 1 Subjects\Speech Processing\ivrsproj\ivrsproj\startprojivrs\startproj\Debug\link.9956-cvtres.read.1.tlog
D:\IIT G Sem 1 Subjects\Speech Processing\ivrsproj\ivrsproj\startprojivrs\startproj\Debug\link.9956-cvtres.write.1.tlog
D:\IIT G Sem 1 Subjects\Speech Processing\ivrsproj\ivrsproj\startprojivrs\startproj\Debug\link.command.1.tlog
D:\IIT G Sem 1 Subjects\Speech Processing\ivrsproj\ivrsproj\startprojivrs\startproj\Debug\link.read.1.tlog
D:\IIT G Sem 1 Subjects\Speech Processing\ivrsproj\ivrsproj\startprojivrs\startproj\Debug\link.write.1.tlog
D:\IIT G SEM 1 SUBJECTS\SPEECH PROCESSING\IVRSPROJ\IVRSPROJ\STARTPROJIVRS\STARTPROJ\DEBUG\LIVERECORDING.OBJ
D:\IIT G Sem 1 Subjects\Speech Processing\ivrsproj\ivrsproj\startprojivrs\startproj\Debug\mt.command.1.tlog
D:\IIT G Sem 1 Subjects\Speech Processing\ivrsproj\ivrsproj\startprojivrs\startproj\Debug\mt.read.1.tlog
D:\IIT G Sem 1 Subjects\Speech Processing\ivrsproj\ivrsproj\startprojivrs\startproj\Debug\mt.write.1.tlog
D:\IIT G Sem 1 Subjects\Speech Processing\ivrsproj\ivrsproj\startprojivrs\startproj\Debug\rc.command.1.tlog
D:\IIT G Sem 1 Subjects\Speech Processing\ivrsproj\ivrsproj\startprojivrs\startproj\Debug\rc.read.1.tlog
D:\IIT G Sem 1 Subjects\Speech Processing\ivrsproj\ivrsproj\startprojivrs\startproj\Debug\rc.write.1.tlog
D:\IIT G SEM 1 SUBJECTS\SPEECH PROCESSING\IVRSPROJ\IVRSPROJ\STARTPROJIVRS\STARTPROJ\DEBUG\STARTPROJ.EXE.INTERMEDIATE.MANIFEST
D:\IIT G Sem 1 Subjects\Speech Processing\ivrsproj\ivrsproj\startprojivrs\startproj\Debug\startproj.Form1.resources
D:\IIT G Sem 1 Subjects\Speech Processing\ivrsproj\ivrsproj\startprojivrs\startproj\Debug\startproj.liveRecording.resources
D:\IIT G SEM 1 SUBJECTS\SPEECH PROCESSING\IVRSPROJ\IVRSPROJ\STARTPROJIVRS\STARTPROJ\DEBUG\STARTPROJ.OBJ
D:\IIT G SEM 1 SUBJECTS\SPEECH PROCESSING\IVRSPROJ\IVRSPROJ\STARTPROJIVRS\STARTPROJ\DEBUG\STARTPROJ.PCH
D:\IIT G Sem 1 Subjects\Speech Processing\ivrsproj\ivrsproj\startprojivrs\startproj\Debug\startproj.startproj1.resources
D:\IIT G Sem 1 Subjects\Speech Processing\ivrsproj\ivrsproj\startprojivrs\startproj\Debug\startproj.vcxproj.GenerateResource.Cache
D:\IIT G Sem 1 Subjects\Speech Processing\ivrsproj\ivrsproj\startprojivrs\startproj\Debug\startproj.vcxprojResolveAssemblyReference.cache
D:\IIT G Sem 1 Subjects\Speech Processing\ivrsproj\ivrsproj\startprojivrs\startproj\Debug\startproj.write.1.tlog
D:\IIT G SEM 1 SUBJECTS\SPEECH PROCESSING\IVRSPROJ\IVRSPROJ\STARTPROJIVRS\STARTPROJ\DEBUG\STARTPROJ1.OBJ
D:\IIT G SEM 1 SUBJECTS\SPEECH PROCESSING\IVRSPROJ\IVRSPROJ\STARTPROJIVRS\STARTPROJ\DEBUG\STDAFX.OBJ
D:\IIT G SEM 1 SUBJECTS\SPEECH PROCESSING\IVRSPROJ\IVRSPROJ\STARTPROJIVRS\STARTPROJ\DEBUG\VC100.PDB
